{"timestamp": "2026-04-17 09:50:01", "level": "INFO", "message": "Tahmin payload başarıyla alındı ve host tablosuna kaydedildi.", "extra": {"fatura_no": "TAHMIN-20260417092249-388", "cari_kod": "C009", "file": "C:\\Users\\Hande\\Desktop\\E-FATURA\\fatura_erp\\host_inbox\\20260417_095001_591855_TAHMIN-20260417092249-388.json", "host_id": 7}}
{"timestamp": "2026-04-17 09:52:03", "level": "INFO", "message": "Host kaydı gerçek faturaya aktarıldı.", "extra": {"host_id": 7, "inserted_count": 1}}
{"timestamp": "2026-04-17 09:53:18", "level": "INFO", "message": "Tahmin payload başarıyla alındı ve host tablosuna kaydedildi.", "extra": {"fatura_no": "TAHMIN-20260417092249-157", "cari_kod": "C004", "file": "C:\\Users\\Hande\\Desktop\\E-FATURA\\fatura_erp\\host_inbox\\20260417_095318_074895_TAHMIN-20260417092249-157.json", "host_id": 8}}
{"timestamp": "2026-04-17 10:03:19", "level": "INFO", "message": "Tahmin payload başarıyla alındı ve host tablosuna kaydedildi.", "extra": {"fatura_no": "FT-646464", "cari_kod": "C-001", "file": "C:\\Users\\Hande\\Desktop\\E-FATURA\\fatura_erp\\host_inbox\\20260417_100319_238815_FT-646464.json", "host_id": 9}}
{"timestamp": "2026-04-17 10:04:25", "level": "INFO", "message": "Host kaydı gerçek faturaya aktarıldı.", "extra": {"host_id": 9, "inserted_count": 1}}
{"timestamp": "2026-04-17 10:28:45", "level": "ERROR", "message": "Host kaydı gerçek faturaya aktarılırken hata oluştu.", "extra": {"host_id": 100, "error": "Host kaydı bulunamadı. id=100"}}
{"timestamp": "2026-04-17 10:28:58", "level": "ERROR", "message": "Host kaydı gerçek faturaya aktarılırken hata oluştu.", "extra": {"host_id": 7, "error": "Bu kayıt zaten aktarılmış. id=7"}}
{"timestamp": "2026-04-17 10:33:26", "level": "ERROR", "message": "JSON parse edilemedi veya body boş geldi.", "extra": {}}
{"timestamp": "2026-04-17 10:33:59", "level": "ERROR", "message": "JSON parse edilemedi veya body boş geldi.", "extra": {}}
{"timestamp": "2026-04-17 10:34:02", "level": "ERROR", "message": "JSON parse edilemedi veya body boş geldi.", "extra": {}}
{"timestamp": "2026-04-17 10:34:19", "level": "ERROR", "message": "JSON parse edilemedi veya body boş geldi.", "extra": {}}
{"timestamp": "2026-04-17 10:34:47", "level": "ERROR", "message": "JSON parse edilemedi veya body boş geldi.", "extra": {}}
{"timestamp": "2026-04-17 10:36:05", "level": "ERROR", "message": "JSON parse edilemedi veya body boş geldi.", "extra": {}}
{"timestamp": "2026-04-17 10:36:19", "level": "ERROR", "message": "JSON parse edilemedi veya body boş geldi.", "extra": {}}
{"timestamp": "2026-04-17 10:37:24", "level": "ERROR", "message": "JSON parse edilemedi veya body boş geldi.", "extra": {}}
{"timestamp": "2026-04-17 10:37:34", "level": "ERROR", "message": "JSON parse edilemedi veya body boş geldi.", "extra": {}}
{"timestamp": "2026-04-17 10:46:13", "level": "WARNING", "message": "Geçersiz tahmin payload alındı.", "extra": {"errors": ["Eksik alan: fatura_no", "Eksik alan: cari_kod", "Eksik alan: firma_adi", "Eksik alan: tarih", "Eksik alan: kalemler", "Eksik alan: ara_toplam", "Eksik alan: genel_toplam"], "payload": {"host_id": 123}}}
{"timestamp": "2026-04-17 10:47:41", "level": "WARNING", "message": "Geçersiz tahmin payload alındı.", "extra": {"errors": ["Eksik alan: fatura_no", "Eksik alan: cari_kod", "Eksik alan: firma_adi", "Eksik alan: tarih", "Eksik alan: kalemler", "Eksik alan: ara_toplam", "Eksik alan: genel_toplam"], "payload": {"host_id": 123}}}
{"timestamp": "2026-04-17 10:47:47", "level": "WARNING", "message": "Geçersiz tahmin payload alındı.", "extra": {"errors": ["Eksik alan: fatura_no", "Eksik alan: cari_kod", "Eksik alan: firma_adi", "Eksik alan: tarih", "Eksik alan: kalemler", "Eksik alan: ara_toplam", "Eksik alan: genel_toplam"], "payload": {"host_id": 7}}}
{"timestamp": "2026-04-17 10:48:58", "level": "WARNING", "message": "Geçersiz tahmin payload alındı.", "extra": {"errors": ["Eksik alan: cari_kod"], "payload": {"fatura_no": "TAHMIN-20260417092249-388", "firma_adi": "F KIRTASİYE", "tarih": "2026-04-18", "kalemler": [{"stok_kod": "STK-0026", "urun_adi": "Monitor", "miktar": 10.0, "birim_fiyat": 1341.6, "kdv_orani": 8.0}], "ara_toplam": 13416.0, "genel_toplam": 14489.28}}}
